

================================================================
== Vivado HLS Report for 'hls_video_processor'
================================================================
* Date:           Thu Apr 25 22:46:36 2019

* Version:        2018.3 (Build 2405991 on Thu Dec 06 23:56:15 MST 2018)
* Project:        hls_video_processor
* Solution:       solution1
* Product family: zynq
* Target device:  xc7z020clg400-1


================================================================
== Performance Estimates
================================================================
+ Timing (ns): 
    * Summary: 
    +--------+-------+----------+------------+
    |  Clock | Target| Estimated| Uncertainty|
    +--------+-------+----------+------------+
    |ap_clk  |   6.60|     5.775|        0.82|
    +--------+-------+----------+------------+

+ Latency (clock cycles): 
    * Summary: 
    +---------+---------+---------+---------+----------+
    |      Latency      |      Interval     | Pipeline |
    |   min   |   max   |   min   |   max   |   Type   |
    +---------+---------+---------+---------+----------+
    |  2076845|  2079004|  2076842|  2079004| dataflow |
    +---------+---------+---------+---------+----------+

    + Detail: 
        * Instance: 
        +---------------------------+------------------------+---------+---------+---------+---------+---------+
        |                           |                        |      Latency      |      Interval     | Pipeline|
        |          Instance         |         Module         |   min   |   max   |   min   |   max   |   Type  |
        +---------------------------+------------------------+---------+---------+---------+---------+---------+
        |brightness_color_adj_U0    |brightness_color_adj    |    14492|    14492|    14492|    14492|   none  |
        |video_scale_U0             |video_scale             |  1848062|  1848062|  1848062|  1848062|   none  |
        |AXIvideo2Mat_U0            |AXIvideo2Mat            |        3|  2079003|        3|  2079003|   none  |
        |Loop_loop_height_pro_2_U0  |Loop_loop_height_pro_2  |  2076841|  2076841|  2076841|  2076841|   none  |
        |Loop_loop_height_pro_1_U0  |Loop_loop_height_pro_1  |  1848961|  1848961|  1848961|  1848961|   none  |
        |Mat2AXIvideo_U0            |Mat2AXIvideo            |     1921|     1921|     1921|     1921|   none  |
        |Loop_loop_height_pro_U0    |Loop_loop_height_pro    |     1891|     1891|     1891|     1891|   none  |
        |Block_proc_U0              |Block_proc              |        0|        0|        0|        0|   none  |
        |Block_proc55_U0            |Block_proc55            |        0|        0|        0|        0|   none  |
        +---------------------------+------------------------+---------+---------+---------+---------+---------+

        * Loop: 
        N/A



================================================================
== Utilization Estimates
================================================================
* Summary: 
+-----------------+---------+-------+--------+-------+
|       Name      | BRAM_18K| DSP48E|   FF   |  LUT  |
+-----------------+---------+-------+--------+-------+
|DSP              |        -|      -|       -|      -|
|Expression       |        -|      -|       -|      -|
|FIFO             |        0|      -|     115|    696|
|Instance         |        8|      6|    2689|   2841|
|Memory           |        -|      -|       -|      -|
|Multiplexer      |        -|      -|       -|      -|
|Register         |        -|      -|       -|      -|
+-----------------+---------+-------+--------+-------+
|Total            |        8|      6|    2804|   3537|
+-----------------+---------+-------+--------+-------+
|Available        |      280|    220|  106400|  53200|
+-----------------+---------+-------+--------+-------+
|Utilization (%)  |        2|      2|       2|      6|
+-----------------+---------+-------+--------+-------+

+ Detail: 
    * Instance: 
    +---------------------------+------------------------+---------+-------+------+-----+
    |          Instance         |         Module         | BRAM_18K| DSP48E|  FF  | LUT |
    +---------------------------+------------------------+---------+-------+------+-----+
    |AXIvideo2Mat_U0            |AXIvideo2Mat            |        0|      0|   390|  552|
    |Block_proc_U0              |Block_proc              |        0|      0|     3|   47|
    |Block_proc55_U0            |Block_proc55            |        0|      0|    14|   29|
    |Loop_loop_height_pro_U0    |Loop_loop_height_pro    |        0|      0|    25|  194|
    |Loop_loop_height_pro_1_U0  |Loop_loop_height_pro_1  |        2|      0|   167|  232|
    |Loop_loop_height_pro_2_U0  |Loop_loop_height_pro_2  |        0|      0|   169|  303|
    |Mat2AXIvideo_U0            |Mat2AXIvideo            |        0|      0|   104|  357|
    |brightness_color_adj_U0    |brightness_color_adj    |        0|      6|   754|  376|
    |video_scale_U0             |video_scale             |        6|      0|  1063|  751|
    +---------------------------+------------------------+---------+-------+------+-----+
    |Total                      |                        |        8|      6|  2689| 2841|
    +---------------------------+------------------------+---------+-------+------+-----+

    * DSP48: 
    N/A

    * Memory: 
    N/A

    * FIFO: 
    +--------------------------+---------+---+----+------+-----+---------+
    |           Name           | BRAM_18K| FF| LUT| Depth| Bits| Size:D*B|
    +--------------------------+---------+---+----+------+-----+---------+
    |extLd_loc_channel_U       |        0|  5|  24|     2|   12|       24|
    |img_adjusted_data_st_1_U  |        0|  5|  44|     2|   32|       64|
    |img_adjusted_data_st_2_U  |        0|  5|  44|     2|   32|       64|
    |img_adjusted_data_st_U    |        0|  5|  44|     2|   32|       64|
    |img_crop_data_stream_1_U  |        0|  5|  20|     2|    8|       16|
    |img_crop_data_stream_2_U  |        0|  5|  20|     2|    8|       16|
    |img_crop_data_stream_U    |        0|  5|  20|     2|    8|       16|
    |img_input_cols_V_c20_U    |        0|  5|  24|     2|   12|       24|
    |img_input_cols_V_c_U      |        0|  5|  24|     2|   12|       24|
    |img_input_data_strea_1_U  |        0|  5|  20|     2|    8|       16|
    |img_input_data_strea_2_U  |        0|  5|  20|     2|    8|       16|
    |img_input_data_strea_U    |        0|  5|  20|     2|    8|       16|
    |img_input_rows_V_c20_U    |        0|  5|  24|     2|   12|       24|
    |img_input_rows_V_c_U      |        0|  5|  24|     2|   12|       24|
    |img_nogamma_data_str_1_U  |        0|  5|  44|     2|   32|       64|
    |img_nogamma_data_str_2_U  |        0|  5|  44|     2|   32|       64|
    |img_nogamma_data_str_U    |        0|  5|  44|     2|   32|       64|
    |img_out_data_stream_1_U   |        0|  5|  20|     2|    8|       16|
    |img_out_data_stream_2_U   |        0|  5|  20|     2|    8|       16|
    |img_out_data_stream_s_U   |        0|  5|  20|     2|    8|       16|
    |img_scaled_data_stre_1_U  |        0|  5|  44|     2|   32|       64|
    |img_scaled_data_stre_2_U  |        0|  5|  44|     2|   32|       64|
    |img_scaled_data_stre_U    |        0|  5|  44|     2|   32|       64|
    +--------------------------+---------+---+----+------+-----+---------+
    |Total                     |        0|115| 696|    46|  420|      840|
    +--------------------------+---------+---+----+------+-----+---------+

    * Expression: 
    N/A

    * Multiplexer: 
    N/A

    * Register: 
    N/A



================================================================
== Interface
================================================================
* Summary: 
+-------------------+-----+-----+--------------+---------------------+--------------+
|     RTL Ports     | Dir | Bits|   Protocol   |    Source Object    |    C Type    |
+-------------------+-----+-----+--------------+---------------------+--------------+
|stream_in_TDATA    |  in |   24|     axis     |  stream_in_V_data_V |    pointer   |
|stream_in_TKEEP    |  in |    3|     axis     |  stream_in_V_keep_V |    pointer   |
|stream_in_TSTRB    |  in |    3|     axis     |  stream_in_V_strb_V |    pointer   |
|stream_in_TUSER    |  in |    1|     axis     |  stream_in_V_user_V |    pointer   |
|stream_in_TLAST    |  in |    1|     axis     |  stream_in_V_last_V |    pointer   |
|stream_in_TID      |  in |    1|     axis     |   stream_in_V_id_V  |    pointer   |
|stream_in_TDEST    |  in |    1|     axis     |  stream_in_V_dest_V |    pointer   |
|stream_in_TVALID   |  in |    1|     axis     |  stream_in_V_dest_V |    pointer   |
|stream_in_TREADY   | out |    1|     axis     |  stream_in_V_dest_V |    pointer   |
|stream_out_TDATA   | out |   24|     axis     | stream_out_V_data_V |    pointer   |
|stream_out_TKEEP   | out |    3|     axis     | stream_out_V_keep_V |    pointer   |
|stream_out_TSTRB   | out |    3|     axis     | stream_out_V_strb_V |    pointer   |
|stream_out_TUSER   | out |    1|     axis     | stream_out_V_user_V |    pointer   |
|stream_out_TLAST   | out |    1|     axis     | stream_out_V_last_V |    pointer   |
|stream_out_TID     | out |    1|     axis     |  stream_out_V_id_V  |    pointer   |
|stream_out_TDEST   | out |    1|     axis     | stream_out_V_dest_V |    pointer   |
|stream_out_TVALID  | out |    1|     axis     | stream_out_V_dest_V |    pointer   |
|stream_out_TREADY  |  in |    1|     axis     | stream_out_V_dest_V |    pointer   |
|brightness_V       |  in |    4|   ap_stable  |     brightness_V    |    scalar    |
|color_correct_V    |  in |    1|   ap_stable  |   color_correct_V   |    scalar    |
|ap_clk             |  in |    1| ap_ctrl_none | hls_video_processor | return value |
|ap_rst_n           |  in |    1| ap_ctrl_none | hls_video_processor | return value |
+-------------------+-----+-----+--------------+---------------------+--------------+

